<?xml version="1.0" encoding="UTF-8"?>
<testsuite xmlns:xsi="http://www.w3.org/2001/XMLSchema-instance" xsi:noNamespaceSchemaLocation="https://maven.apache.org/surefire/maven-surefire-plugin/xsd/surefire-test-report.xsd" name="br.com.caelum.leilao.teste.AvaliadorTest" time="0.55" tests="3" errors="3" skipped="0" failures="0">
  <properties>
    <property name="awt.toolkit" value="sun.awt.X11.XToolkit"/>
    <property name="file.encoding.pkg" value="sun.io"/>
    <property name="java.specification.version" value="1.8"/>
    <property name="sun.cpu.isalist" value=""/>
    <property name="sun.jnu.encoding" value="UTF-8"/>
    <property name="java.class.path" value="/home/chronos/user/MyFiles/Projetos/junit-course/target/test-classes:/home/chronos/user/MyFiles/Projetos/junit-course/target/classes:/home/chronos/user/.m2/repository/junit/junit/4.11/junit-4.11.jar:/home/chronos/user/.m2/repository/org/hamcrest/hamcrest-core/1.3/hamcrest-core-1.3.jar:"/>
    <property name="java.vm.vendor" value="Oracle Corporation"/>
    <property name="sun.arch.data.model" value="64"/>
    <property name="java.vendor.url" value="http://java.oracle.com/"/>
    <property name="user.timezone" value=""/>
    <property name="java.vm.specification.version" value="1.8"/>
    <property name="os.name" value="Linux"/>
    <property name="user.country" value="US"/>
    <property name="sun.java.launcher" value="SUN_STANDARD"/>
    <property name="sun.boot.library.path" value="/usr/local/share/jdk8/jre/lib/amd64"/>
    <property name="sun.java.command" value="/home/chronos/user/MyFiles/Projetos/junit-course/target/surefire/surefirebooter1019982373163116449.jar /home/chronos/user/MyFiles/Projetos/junit-course/target/surefire 2021-01-31T08-04-28_391-jvmRun1 surefire5407699554576205630tmp surefire_06087315551348273461tmp"/>
    <property name="test" value="AvaliadorTest"/>
    <property name="surefire.test.class.path" value="/home/chronos/user/MyFiles/Projetos/junit-course/target/test-classes:/home/chronos/user/MyFiles/Projetos/junit-course/target/classes:/home/chronos/user/.m2/repository/junit/junit/4.11/junit-4.11.jar:/home/chronos/user/.m2/repository/org/hamcrest/hamcrest-core/1.3/hamcrest-core-1.3.jar:"/>
    <property name="sun.cpu.endian" value="little"/>
    <property name="user.home" value="/home/chronos/user"/>
    <property name="user.language" value="en"/>
    <property name="java.specification.vendor" value="Oracle Corporation"/>
    <property name="java.home" value="/usr/local/share/jdk8/jre"/>
    <property name="basedir" value="/home/chronos/user/MyFiles/Projetos/junit-course"/>
    <property name="file.separator" value="/"/>
    <property name="line.separator" value="&#10;"/>
    <property name="java.vm.specification.vendor" value="Oracle Corporation"/>
    <property name="java.specification.name" value="Java Platform API Specification"/>
    <property name="java.awt.graphicsenv" value="sun.awt.X11GraphicsEnvironment"/>
    <property name="surefire.real.class.path" value="/home/chronos/user/MyFiles/Projetos/junit-course/target/surefire/surefirebooter1019982373163116449.jar"/>
    <property name="sun.boot.class.path" value="/usr/local/share/jdk8/jre/lib/resources.jar:/usr/local/share/jdk8/jre/lib/rt.jar:/usr/local/share/jdk8/jre/lib/sunrsasign.jar:/usr/local/share/jdk8/jre/lib/jsse.jar:/usr/local/share/jdk8/jre/lib/jce.jar:/usr/local/share/jdk8/jre/lib/charsets.jar:/usr/local/share/jdk8/jre/lib/jfr.jar:/usr/local/share/jdk8/jre/classes"/>
    <property name="sun.management.compiler" value="HotSpot 64-Bit Tiered Compilers"/>
    <property name="java.runtime.version" value="1.8.0_271-b09"/>
    <property name="user.name" value="chronos"/>
    <property name="path.separator" value=":"/>
    <property name="os.version" value="5.4.66+"/>
    <property name="java.endorsed.dirs" value="/usr/local/share/jdk8/jre/lib/endorsed"/>
    <property name="java.runtime.name" value="Java(TM) SE Runtime Environment"/>
    <property name="file.encoding" value="UTF-8"/>
    <property name="java.vm.name" value="Java HotSpot(TM) 64-Bit Server VM"/>
    <property name="localRepository" value="/home/chronos/user/.m2/repository"/>
    <property name="java.vendor.url.bug" value="http://bugreport.sun.com/bugreport/"/>
    <property name="java.io.tmpdir" value="/tmp"/>
    <property name="java.version" value="1.8.0_271"/>
    <property name="user.dir" value="/home/chronos/user/MyFiles/Projetos/junit-course"/>
    <property name="os.arch" value="amd64"/>
    <property name="java.vm.specification.name" value="Java Virtual Machine Specification"/>
    <property name="java.awt.printerjob" value="sun.print.PSPrinterJob"/>
    <property name="sun.os.patch.level" value="unknown"/>
    <property name="java.library.path" value="/usr/local/lib64:/usr/java/packages/lib/amd64:/usr/lib64:/lib64:/lib:/usr/lib"/>
    <property name="java.vm.info" value="mixed mode"/>
    <property name="java.vendor" value="Oracle Corporation"/>
    <property name="java.vm.version" value="25.271-b09"/>
    <property name="java.ext.dirs" value="/usr/local/share/jdk8/jre/lib/ext:/usr/java/packages/lib/ext"/>
    <property name="sun.io.unicode.encoding" value="UnicodeLittle"/>
    <property name="java.class.version" value="52.0"/>
  </properties>
  <testcase name="deveEncontrarOsTresMaioresLances" classname="br.com.caelum.leilao.teste.AvaliadorTest" time="0.079">
    <error message="Prohibited package name: java.junitcourse.dominio" type="java.lang.SecurityException">java.lang.SecurityException: Prohibited package name: java.junitcourse.dominio
	at br.com.caelum.leilao.teste.AvaliadorTest.deveEncontrarOsTresMaioresLances(AvaliadorTest.java:50)
</error>
  </testcase>
  <testcase name="deveEntenderLancesEmOrdemCrescente" classname="br.com.caelum.leilao.teste.AvaliadorTest" time="0.015">
    <error message="Prohibited package name: java.junitcourse.dominio" type="java.lang.SecurityException">java.lang.SecurityException: Prohibited package name: java.junitcourse.dominio
	at br.com.caelum.leilao.teste.AvaliadorTest.deveEntenderLancesEmOrdemCrescente(AvaliadorTest.java:18)
</error>
  </testcase>
  <testcase name="deveEntenderLeilaoComApenasUmLance" classname="br.com.caelum.leilao.teste.AvaliadorTest" time="0.008">
    <error message="Prohibited package name: java.junitcourse.dominio" type="java.lang.SecurityException">java.lang.SecurityException: Prohibited package name: java.junitcourse.dominio
	at br.com.caelum.leilao.teste.AvaliadorTest.deveEntenderLeilaoComApenasUmLance(AvaliadorTest.java:37)
</error>
  </testcase>
</testsuite>